<?xml version="1.0" encoding="UTF-8"?>
<testng-results ignored="0" total="1" passed="1" failed="0" skipped="0">
  <reporter-output>
  </reporter-output>
  <suite started-at="2024-09-01T01:56:41 PDT" name="Default suite" finished-at="2024-09-01T01:58:19 PDT" duration-ms="97764">
    <groups>
    </groups>
    <test started-at="2024-09-01T01:56:41 PDT" name="Default test" finished-at="2024-09-01T01:58:19 PDT" duration-ms="97764">
      <class name="testCases.loginTest">
        <test-method is-config="true" signature="setUp()[pri:0, instance:testCases.loginTest@1ca3b418]" started-at="2024-09-01T01:56:41 PDT" name="setUp" finished-at="2024-09-01T01:58:17 PDT" duration-ms="95856" status="PASS">
          <reporter-output>
          </reporter-output>
        </test-method> <!-- setUp -->
        <test-method signature="getheading()[pri:0, instance:testCases.loginTest@1ca3b418]" started-at="2024-09-01T01:58:17 PDT" name="getheading" finished-at="2024-09-01T01:58:18 PDT" duration-ms="244" status="PASS">
          <reporter-output>
          </reporter-output>
        </test-method> <!-- getheading -->
        <test-method is-config="true" signature="tearDown()[pri:0, instance:testCases.loginTest@1ca3b418]" started-at="2024-09-01T01:58:18 PDT" name="tearDown" finished-at="2024-09-01T01:58:19 PDT" duration-ms="1385" status="PASS">
          <reporter-output>
          </reporter-output>
        </test-method> <!-- tearDown -->
      </class> <!-- testCases.loginTest -->
    </test> <!-- Default test -->
  </suite> <!-- Default suite -->
</testng-results>
