<?xml version="1.0" encoding="UTF-8"?>
<testng-results ignored="0" total="8" passed="8" failed="0" skipped="0">
  <reporter-output>
  </reporter-output>
  <suite started-at="2024-08-25T03:41:50 PDT" name="Sanity Suite" finished-at="2024-08-25T03:41:50 PDT" duration-ms="82">
    <groups>
    </groups>
    <test started-at="2024-08-25T03:41:50 PDT" name="Signup" finished-at="2024-08-25T03:41:50 PDT" duration-ms="82">
      <class name="newtestcases.Testingcase2">
        <test-method signature="validateTitle()[pri:0, instance:newtestcases.Testingcase2@792b749c]" started-at="2024-08-25T03:41:50 PDT" name="validateTitle" finished-at="2024-08-25T03:41:50 PDT" duration-ms="13" status="PASS">
          <reporter-output>
          </reporter-output>
        </test-method> <!-- validateTitle -->
      </class> <!-- newtestcases.Testingcase2 -->
      <class name="newtestcases.Testingcase1">
        <test-method is-config="true" signature="createDBconnection()[pri:0, instance:newtestcases.Testingcase1@6d60fe40]" started-at="2024-08-25T03:41:50 PDT" name="createDBconnection" finished-at="2024-08-25T03:41:50 PDT" duration-ms="1" status="PASS">
          <reporter-output>
          </reporter-output>
        </test-method> <!-- createDBconnection -->
        <test-method signature="userRegistration()[pri:1, instance:newtestcases.Testingcase1@6d60fe40]" started-at="2024-08-25T03:41:50 PDT" name="userRegistration" finished-at="2024-08-25T03:41:50 PDT" duration-ms="6" status="PASS">
          <reporter-output>
          </reporter-output>
        </test-method> <!-- userRegistration -->
        <test-method signature="login()[pri:2, instance:newtestcases.Testingcase1@6d60fe40]" started-at="2024-08-25T03:41:50 PDT" name="login" finished-at="2024-08-25T03:41:50 PDT" depends-on-methods="newtestcases.Testingcase1.userRegistration" duration-ms="13" status="PASS">
          <reporter-output>
          </reporter-output>
        </test-method> <!-- login -->
        <test-method is-config="true" signature="closeDBconnection()[pri:0, instance:newtestcases.Testingcase1@6d60fe40]" started-at="2024-08-25T03:41:50 PDT" name="closeDBconnection" finished-at="2024-08-25T03:41:50 PDT" duration-ms="1" status="PASS">
          <reporter-output>
          </reporter-output>
        </test-method> <!-- closeDBconnection -->
      </class> <!-- newtestcases.Testingcase1 -->
    </test> <!-- Signup -->
  </suite> <!-- Sanity Suite -->
  <suite started-at="2024-08-25T03:41:50 PDT" name="Smoke Suite" finished-at="2024-08-25T03:41:50 PDT" duration-ms="26">
    <groups>
    </groups>
    <test started-at="2024-08-25T03:41:50 PDT" name="Test1" finished-at="2024-08-25T03:41:50 PDT" duration-ms="26">
      <class name="newtestcases.Testingcase1">
        <test-method is-config="true" signature="createDBconnection()[pri:0, instance:newtestcases.Testingcase1@19932c16]" started-at="2024-08-25T03:41:50 PDT" name="createDBconnection" finished-at="2024-08-25T03:41:50 PDT" duration-ms="1" status="PASS">
          <reporter-output>
          </reporter-output>
        </test-method> <!-- createDBconnection -->
        <test-method signature="userRegistration()[pri:1, instance:newtestcases.Testingcase1@19932c16]" started-at="2024-08-25T03:41:50 PDT" name="userRegistration" finished-at="2024-08-25T03:41:50 PDT" duration-ms="3" status="PASS">
          <reporter-output>
          </reporter-output>
        </test-method> <!-- userRegistration -->
        <test-method signature="login()[pri:2, instance:newtestcases.Testingcase1@19932c16]" started-at="2024-08-25T03:41:50 PDT" name="login" finished-at="2024-08-25T03:41:50 PDT" depends-on-methods="newtestcases.Testingcase1.userRegistration" duration-ms="4" status="PASS">
          <reporter-output>
          </reporter-output>
        </test-method> <!-- login -->
        <test-method is-config="true" signature="closeDBconnection()[pri:0, instance:newtestcases.Testingcase1@19932c16]" started-at="2024-08-25T03:41:50 PDT" name="closeDBconnection" finished-at="2024-08-25T03:41:50 PDT" duration-ms="3" status="PASS">
          <reporter-output>
          </reporter-output>
        </test-method> <!-- closeDBconnection -->
      </class> <!-- newtestcases.Testingcase1 -->
    </test> <!-- Test1 -->
  </suite> <!-- Smoke Suite -->
  <suite started-at="2024-08-25T03:41:50 PDT" name="Master Suite" finished-at="2024-08-25T03:41:50 PDT" duration-ms="0">
    <groups>
    </groups>
  </suite> <!-- Master Suite -->
  <suite started-at="2024-08-25T03:41:49 PDT" name="Regression Suite" finished-at="2024-08-25T03:41:50 PDT" duration-ms="170">
    <groups>
    </groups>
    <test started-at="2024-08-25T03:41:49 PDT" name="Login" finished-at="2024-08-25T03:41:50 PDT" duration-ms="170">
      <class name="newtestcases.Testingcase2">
        <test-method signature="validateTitle()[pri:0, instance:newtestcases.Testingcase2@2794eab6]" started-at="2024-08-25T03:41:49 PDT" name="validateTitle" finished-at="2024-08-25T03:41:49 PDT" duration-ms="20" status="PASS">
          <reporter-output>
          </reporter-output>
        </test-method> <!-- validateTitle -->
      </class> <!-- newtestcases.Testingcase2 -->
      <class name="newtestcases.Testingcase1">
        <test-method is-config="true" signature="createDBconnection()[pri:0, instance:newtestcases.Testingcase1@6bbe85a8]" started-at="2024-08-25T03:41:49 PDT" name="createDBconnection" finished-at="2024-08-25T03:41:49 PDT" duration-ms="22" status="PASS">
          <reporter-output>
          </reporter-output>
        </test-method> <!-- createDBconnection -->
        <test-method signature="userRegistration()[pri:1, instance:newtestcases.Testingcase1@6bbe85a8]" started-at="2024-08-25T03:41:50 PDT" name="userRegistration" finished-at="2024-08-25T03:41:50 PDT" duration-ms="5" status="PASS">
          <reporter-output>
          </reporter-output>
        </test-method> <!-- userRegistration -->
        <test-method signature="login()[pri:2, instance:newtestcases.Testingcase1@6bbe85a8]" started-at="2024-08-25T03:41:50 PDT" name="login" finished-at="2024-08-25T03:41:50 PDT" depends-on-methods="newtestcases.Testingcase1.userRegistration" duration-ms="4" status="PASS">
          <reporter-output>
          </reporter-output>
        </test-method> <!-- login -->
        <test-method is-config="true" signature="closeDBconnection()[pri:0, instance:newtestcases.Testingcase1@6bbe85a8]" started-at="2024-08-25T03:41:50 PDT" name="closeDBconnection" finished-at="2024-08-25T03:41:50 PDT" duration-ms="5" status="PASS">
          <reporter-output>
          </reporter-output>
        </test-method> <!-- closeDBconnection -->
      </class> <!-- newtestcases.Testingcase1 -->
    </test> <!-- Login -->
  </suite> <!-- Regression Suite -->
</testng-results>
