<?xml version="1.0" encoding="UTF-8"?>
<!-- Generated by org.testng.reporters.JUnitXMLReporter -->
<testsuite ignored="0" hostname="DESKTOP-AMVOLCN" failures="0" tests="3" name="Login" time="0.17" errors="0" timestamp="2024-08-25T03:41:50 PDT">
  <testcase classname="newtestcases.Testingcase2" name="validateTitle" time="0.02"/>
  <testcase classname="newtestcases.Testingcase1" name="userRegistration" time="0.005"/>
  <testcase classname="newtestcases.Testingcase1" name="login" time="0.004"/>
</testsuite> <!-- Login -->
